# JRE version: Java(TM) SE Runtime Environment 18.9 (11.0.7+8) (build 11.0.7+8-LTS)
# Java VM: Java HotSpot(TM) 64-Bit Server VM 18.9 (11.0.7+8-LTS, mixed mode, tiered, compressed oops, g1 gc, windows-amd64)
Heap:
 garbage-first heap   total 262144K, used 4186K [0x0000000700800000, 0x0000000800000000)
  region size 1024K, 5 young (5120K), 5 survivors (5120K)
 Metaspace       used 14297K, capacity 14668K, committed 14720K, reserved 1081344K
  class space    used 1725K, capacity 1905K, committed 1920K, reserved 1048576K
GC Heap History (6 events):
Event: 0.832 GC heap before
{Heap before GC invocations=0 (full 0):
 garbage-first heap   total 262144K, used 23552K [0x0000000700800000, 0x0000000800000000)
  region size 1024K, 24 young (24576K), 0 survivors (0K)
 Metaspace       used 12569K, capacity 12995K, committed 13184K, reserved 1060864K
  class space    used 1430K, capacity 1602K, committed 1664K, reserved 1048576K
}
Event: 0.835 GC heap after
{Heap after GC invocations=1 (full 0):
 garbage-first heap   total 262144K, used 2544K [0x0000000700800000, 0x0000000800000000)
  region size 1024K, 3 young (3072K), 3 survivors (3072K)
 Metaspace       used 12569K, capacity 12995K, committed 13184K, reserved 1060864K
  class space    used 1430K, capacity 1602K, committed 1664K, reserved 1048576K
}
Event: 0.882 GC heap before
{Heap before GC invocations=1 (full 0):
 garbage-first heap   total 262144K, used 6640K [0x0000000700800000, 0x0000000800000000)
  region size 1024K, 8 young (8192K), 3 survivors (3072K)
 Metaspace       used 13347K, capacity 13717K, committed 13824K, reserved 1069056K
  class space    used 1562K, capacity 1737K, committed 1792K, reserved 1048576K
}
Event: 0.885 GC heap after
{Heap after GC invocations=2 (full 0):
 garbage-first heap   total 262144K, used 3706K [0x0000000700800000, 0x0000000800000000)
  region size 1024K, 4 young (4096K), 4 survivors (4096K)
 Metaspace       used 13347K, capacity 13717K, committed 13824K, reserved 1069056K
  class space    used 1562K, capacity 1737K, committed 1792K, reserved 1048576K
}
Event: 0.916 GC heap before
{Heap before GC invocations=3 (full 0):
 garbage-first heap   total 262144K, used 5754K [0x0000000700800000, 0x0000000800000000)
  region size 1024K, 7 young (7168K), 4 survivors (4096K)
 Metaspace       used 14297K, capacity 14668K, committed 14720K, reserved 1079296K
  class space    used 1725K, capacity 1905K, committed 1920K, reserved 1048576K
}
Event: 0.919 GC heap after
{Heap after GC invocations=4 (full 0):
 garbage-first heap   total 262144K, used 4186K [0x0000000700800000, 0x0000000800000000)
  region size 1024K, 5 young (5120K), 5 survivors (5120K)
 Metaspace       used 14297K, capacity 14668K, committed 14720K, reserved 1079296K
  class space    used 1725K, capacity 1905K, committed 1920K, reserved 1048576K
}

